<?xml version="1.0" encoding="UTF-8"?>
<beans xmlns="http://www.springframework.org/schema/beans"
       xmlns:xsi="http://www.w3.org/2001/XMLSchema-instance"
       xmlns:tx="http://www.springframework.org/schema/tx"
       xsi:schemaLocation="http://www.springframework.org/schema/beans
                           http://www.springframework.org/schema/beans/spring-beans.xsd


                           http://www.springframework.org/schema/tx
                           http://www.springframework.org/schema/tx/spring-tx-3.0.xsd">

    <bean id="dataSource" class="org.springframework.jdbc.datasource.SimpleDriverDataSource">
        <property name="driverClass" value="com.mysql.jdbc.Driver" />
        <property name="url" value="jdbc:mysql://localhost:3306/toby" />
        <property name="username" value="toby" />
        <property name="password" value="toby" />
    </bean>

    <bean id="userDao" class="springbook.user.dao.UserDaoJdbc">
        <property name="dataSource" ref="dataSource" />
        <property name="sqlAdd" value="insert into users(id, name, password, email, level, login, recommend) values(?,?,?,?,?,?,?)" />
    </bean>

    <bean id="transactionManager" class="org.springframework.jdbc.datasource.DataSourceTransactionManager">
        <property name="dataSource" ref="dataSource"/>
    </bean>

    <bean id="mailSender" class="springbook.user.service.DummyMailSender" />

    <!-- @Transactional-->
    <tx:annotation-driven />

    <!-- 타겟 -->
    <bean id="userService" class="springbook.user.service.UserServiceImpl">
        <property name="userDao" ref="userDao" />
        <property name="mailSender" ref="mailSender" />
    </bean>

    <bean id="testUserService" class="springbook.user.service.UserServiceTest$TestUserServiceImpl" parent="userService" />
</beans>